Arguments: 
  C:\Program Files\nodejs\node.exe C:\Users\engqu\AppData\Roaming\npm\node_modules\yarn\bin\yarn.js init

PATH: 
  C:\Users\engqu\bin;C:\Program Files\Git\mingw64\bin;C:\Program Files\Git\usr\local\bin;C:\Program Files\Git\usr\bin;C:\Program Files\Git\usr\bin;C:\Program Files\Git\mingw64\bin;C:\Program Files\Git\usr\bin;C:\Users\engqu\bin;C:\Python27;C:\Python27\Scripts;C:\Program Files (x86)\Common Files\Oracle\Java\javapath;C:\WINDOWS\system32;C:\WINDOWS;C:\WINDOWS\System32\Wbem;C:\WINDOWS\System32\WindowsPowerShell\v1.0;C:\WINDOWS\System32\OpenSSH;C:\Program Files\Git\cmd;C:\Program Files (x86)\NVIDIA Corporation\PhysX\Common;C:\Program Files\NVIDIA Corporation\NVIDIA NvDLISR;C:\WINDOWS\system32;C:\WINDOWS;C:\WINDOWS\System32\Wbem;C:\WINDOWS\System32\WindowsPowerShell\v1.0;C:\WINDOWS\System32\OpenSSH;C:\Program Files\Redis;C:\ProgramData\chocolatey\bin;C:\Program Files\Java\jdk1.8.0_211\bin;C:\Program Files\nodejs;C:\Users\engqu\AppData\Local\Microsoft\WindowsApps;C:\mongo\bin;C:\Users\engqu\AppData\Local\Android\sdk\platform-tools;C:\Users\engqu\AppData\Local\Programs\Microsoft VS Code\bin;C:\Users\engqu\AppData\Local\Android\Sdk\platform-tools;C:\Users\engqu\AppData\Roaming\npm;C:\Program Files\Git\usr\bin\vendor_perl;C:\Program Files\Git\usr\bin\core_perl

Yarn version: 
  1.12.3

Node version: 
  12.1.0

Platform: 
  win32 x64

Trace: 
  Error: Can't answer a question unless a user TTY
      at ConsoleReporter.question (C:\Users\engqu\AppData\Roaming\npm\node_modules\yarn\lib\cli.js:95522:59)
      at Object.<anonymous> (C:\Users\engqu\AppData\Roaming\npm\node_modules\yarn\lib\cli.js:88103:38)
      at Generator.next (<anonymous>)
      at step (C:\Users\engqu\AppData\Roaming\npm\node_modules\yarn\lib\cli.js:304:30)
      at C:\Users\engqu\AppData\Roaming\npm\node_modules\yarn\lib\cli.js:315:13

npm manifest: 
  No manifest

yarn manifest: 
  No manifest

Lockfile: 
  No lockfile
